<?xml version="1.0" encoding="UTF-8"?>
<!-- Generated by org.testng.reporters.JUnitReportReporter -->
<testsuite hostname="DESKTOP-N0T4P30" name="Testing.Test.Test" tests="1" failures="0" timestamp="8 Jun 2020 11:26:55 GMT" time="12.103" errors="0">
  <testcase name="Openapp" time="12.103" classname="Testing.Test.Test"/>
</testsuite> <!-- Testing.Test.Test -->
